<?xml version="1.0" encoding="UTF-8"?>
<!-- Generated by org.testng.reporters.JUnitXMLReporter -->
<testsuite hostname="51-C04-022" name="Default test" tests="4" failures="0" timestamp="13 Jan 2018 03:35:42 GMT" time="0.929" errors="0">
  <testcase name="doGet" time="0.566" classname="com.ecample.FormTest"/>
  <testcase name="doGet" time="0.017" classname="com.ecample.FormTest"/>
  <testcase name="doGet" time="0.015" classname="com.ecample.FormTest"/>
  <testcase name="doGet" time="0.013" classname="com.ecample.FormTest"/>
</testsuite> <!-- Default test -->
